[30-Jun-2020 10:56:28 Europe/Berlin] PHP Notice:  Undefined index: id_film in C:\xampp1\htdocs\cinema\index.php on line 4
[30-Jun-2020 10:56:57 Europe/Berlin] PHP Notice:  Undefined index: id_film in C:\xampp1\htdocs\cinema\index.php on line 4
[30-Jun-2020 13:04:49 Europe/Berlin] PHP Notice:  Undefined index: id_film in C:\xampp1\htdocs\cinema\index.php on line 4
[30-Jun-2020 13:06:03 Europe/Berlin] PHP Notice:  Undefined index: id_film in C:\xampp1\htdocs\cinema\index.php on line 4
[30-Jun-2020 13:07:25 Europe/Berlin] PHP Notice:  Undefined index: id_film in C:\xampp1\htdocs\cinema\index.php on line 4
[30-Jun-2020 13:08:02 Europe/Berlin] PHP Notice:  Undefined index: id_film in C:\xampp1\htdocs\cinema\index.php on line 4
[30-Jun-2020 13:10:12 Europe/Berlin] PHP Notice:  Undefined index: id_film in C:\xampp1\htdocs\cinema\index.php on line 4
[30-Jun-2020 13:10:14 Europe/Berlin] PHP Notice:  Undefined index: id_film in C:\xampp1\htdocs\cinema\index.php on line 4
[30-Jun-2020 13:10:15 Europe/Berlin] PHP Notice:  Undefined index: id_film in C:\xampp1\htdocs\cinema\index.php on line 4
[30-Jun-2020 13:11:35 Europe/Berlin] PHP Notice:  Undefined index: id_film in C:\xampp1\htdocs\cinema\index.php on line 4
[30-Jun-2020 13:13:27 Europe/Berlin] PHP Notice:  Undefined index: id_film in C:\xampp1\htdocs\cinema\index.php on line 4
[30-Jun-2020 13:13:28 Europe/Berlin] PHP Notice:  Undefined index: id_film in C:\xampp1\htdocs\cinema\index.php on line 4
[30-Jun-2020 13:13:50 Europe/Berlin] PHP Notice:  Undefined index: id_film in C:\xampp1\htdocs\cinema\index.php on line 4
[30-Jun-2020 13:17:07 Europe/Berlin] PHP Notice:  Undefined index: id_film in C:\xampp1\htdocs\cinema\index.php on line 4
[30-Jun-2020 13:18:02 Europe/Berlin] PHP Notice:  Undefined index: id_film in C:\xampp1\htdocs\cinema\index.php on line 4
[30-Jun-2020 13:24:04 Europe/Berlin] PHP Notice:  Undefined index: id_film in C:\xampp1\htdocs\cinema\index.php on line 4
[30-Jun-2020 13:24:25 Europe/Berlin] PHP Notice:  Undefined index: id_film in C:\xampp1\htdocs\cinema\index.php on line 4
[30-Jun-2020 13:24:44 Europe/Berlin] PHP Notice:  Undefined index: id_film in C:\xampp1\htdocs\cinema\index.php on line 4
[30-Jun-2020 13:24:45 Europe/Berlin] PHP Notice:  Undefined index: id_film in C:\xampp1\htdocs\cinema\index.php on line 4
[30-Jun-2020 13:26:10 Europe/Berlin] PHP Notice:  Undefined index: id_film in C:\xampp1\htdocs\cinema\index.php on line 4
[30-Jun-2020 13:26:23 Europe/Berlin] PHP Notice:  Undefined index: id_film in C:\xampp1\htdocs\cinema\index.php on line 4
[30-Jun-2020 13:26:26 Europe/Berlin] PHP Notice:  Undefined index: id_film in C:\xampp1\htdocs\cinema\index.php on line 4
[30-Jun-2020 13:26:40 Europe/Berlin] PHP Notice:  Undefined index: id_film in C:\xampp1\htdocs\cinema\index.php on line 4
[30-Jun-2020 13:26:53 Europe/Berlin] PHP Notice:  Undefined index: id_film in C:\xampp1\htdocs\cinema\index.php on line 4
[30-Jun-2020 13:27:08 Europe/Berlin] PHP Notice:  Undefined index: id_film in C:\xampp1\htdocs\cinema\index.php on line 4
[30-Jun-2020 13:29:07 Europe/Berlin] PHP Notice:  Undefined index: id_film in C:\xampp1\htdocs\cinema\index.php on line 4
[30-Jun-2020 13:29:09 Europe/Berlin] PHP Notice:  Undefined index: id_film in C:\xampp1\htdocs\cinema\index.php on line 4
[30-Jun-2020 13:30:00 Europe/Berlin] PHP Notice:  Undefined index: id_film in C:\xampp1\htdocs\cinema\index.php on line 4
[30-Jun-2020 13:30:56 Europe/Berlin] PHP Notice:  Undefined index: id_film in C:\xampp1\htdocs\cinema\index.php on line 4
[30-Jun-2020 13:31:07 Europe/Berlin] PHP Notice:  Undefined index: id_film in C:\xampp1\htdocs\cinema\index.php on line 4
[30-Jun-2020 13:31:18 Europe/Berlin] PHP Notice:  Undefined index: id_film in C:\xampp1\htdocs\cinema\index.php on line 4
[30-Jun-2020 13:33:21 Europe/Berlin] PHP Notice:  Undefined index: id_film in C:\xampp1\htdocs\cinema\index.php on line 4
[30-Jun-2020 13:33:22 Europe/Berlin] PHP Notice:  Undefined index: id_film in C:\xampp1\htdocs\cinema\index.php on line 4
[30-Jun-2020 13:33:28 Europe/Berlin] PHP Notice:  Undefined index: id_film in C:\xampp1\htdocs\cinema\index.php on line 4
[30-Jun-2020 13:34:45 Europe/Berlin] PHP Notice:  Undefined index: id_film in C:\xampp1\htdocs\cinema\index.php on line 4
[30-Jun-2020 13:36:02 Europe/Berlin] PHP Notice:  Undefined index: id_film in C:\xampp1\htdocs\cinema\index.php on line 4
[30-Jun-2020 13:36:15 Europe/Berlin] PHP Notice:  Undefined index: id_film in C:\xampp1\htdocs\cinema\index.php on line 4
[30-Jun-2020 13:37:00 Europe/Berlin] PHP Notice:  Undefined index: id_film in C:\xampp1\htdocs\cinema\index.php on line 4
[30-Jun-2020 13:38:05 Europe/Berlin] PHP Notice:  Undefined index: id_film in C:\xampp1\htdocs\cinema\index.php on line 4
[30-Jun-2020 13:41:39 Europe/Berlin] PHP Notice:  Undefined index: id_film in C:\xampp1\htdocs\cinema\index.php on line 4
[30-Jun-2020 14:08:36 Europe/Berlin] PHP Notice:  Undefined index: id_film in C:\xampp1\htdocs\cinema\index.php on line 4
[30-Jun-2020 14:09:28 Europe/Berlin] PHP Notice:  Undefined index: id_film in C:\xampp1\htdocs\cinema\index.php on line 4
[30-Jun-2020 14:09:37 Europe/Berlin] PHP Notice:  Undefined index: id_film in C:\xampp1\htdocs\cinema\index.php on line 4
[30-Jun-2020 14:09:39 Europe/Berlin] PHP Notice:  Undefined index: id_film in C:\xampp1\htdocs\cinema\index.php on line 4
[30-Jun-2020 14:09:46 Europe/Berlin] PHP Notice:  Undefined index: id_film in C:\xampp1\htdocs\cinema\index.php on line 4
[30-Jun-2020 14:10:09 Europe/Berlin] PHP Notice:  Undefined index: id_film in C:\xampp1\htdocs\cinema\index.php on line 4
[30-Jun-2020 14:12:30 Europe/Berlin] PHP Notice:  Undefined index: id_film in C:\xampp1\htdocs\cinema\index.php on line 4
[30-Jun-2020 14:13:22 Europe/Berlin] PHP Notice:  Undefined index: id_film in C:\xampp1\htdocs\cinema\index.php on line 4
[30-Jun-2020 14:14:17 Europe/Berlin] PHP Notice:  Undefined index: id_film in C:\xampp1\htdocs\cinema\index.php on line 4
[30-Jun-2020 14:15:13 Europe/Berlin] PHP Notice:  Undefined index: id_film in C:\xampp1\htdocs\cinema\index.php on line 4
[30-Jun-2020 14:32:53 Europe/Berlin] PHP Notice:  Undefined index: id_film in C:\xampp1\htdocs\cinema\index.php on line 4
[30-Jun-2020 14:36:55 Europe/Berlin] PHP Notice:  Undefined index: id_film in C:\xampp1\htdocs\cinema\index.php on line 4
[30-Jun-2020 14:37:06 Europe/Berlin] PHP Notice:  Undefined index: id_film in C:\xampp1\htdocs\cinema\index.php on line 4
[30-Jun-2020 14:37:29 Europe/Berlin] PHP Notice:  Undefined index: id_film in C:\xampp1\htdocs\cinema\index.php on line 4
[30-Jun-2020 14:37:30 Europe/Berlin] PHP Notice:  Undefined index: id_film in C:\xampp1\htdocs\cinema\index.php on line 4
[30-Jun-2020 14:40:20 Europe/Berlin] PHP Notice:  Undefined index: id_film in C:\xampp1\htdocs\cinema\index.php on line 4
[30-Jun-2020 14:40:21 Europe/Berlin] PHP Notice:  Undefined index: id_film in C:\xampp1\htdocs\cinema\index.php on line 4
[30-Jun-2020 14:40:42 Europe/Berlin] PHP Notice:  Undefined index: id_film in C:\xampp1\htdocs\cinema\index.php on line 4
[30-Jun-2020 14:41:09 Europe/Berlin] PHP Notice:  Undefined index: id_film in C:\xampp1\htdocs\cinema\index.php on line 4
[30-Jun-2020 14:41:11 Europe/Berlin] PHP Notice:  Undefined index: id_film in C:\xampp1\htdocs\cinema\index.php on line 4
[30-Jun-2020 14:41:11 Europe/Berlin] PHP Notice:  Undefined index: id_film in C:\xampp1\htdocs\cinema\index.php on line 4
[30-Jun-2020 14:41:11 Europe/Berlin] PHP Notice:  Undefined index: id_film in C:\xampp1\htdocs\cinema\index.php on line 4
[30-Jun-2020 14:41:11 Europe/Berlin] PHP Notice:  Undefined index: id_film in C:\xampp1\htdocs\cinema\index.php on line 4
[30-Jun-2020 14:41:12 Europe/Berlin] PHP Notice:  Undefined index: id_film in C:\xampp1\htdocs\cinema\index.php on line 4
[30-Jun-2020 14:42:06 Europe/Berlin] PHP Notice:  Undefined index: id_film in C:\xampp1\htdocs\cinema\index.php on line 4
[30-Jun-2020 14:42:07 Europe/Berlin] PHP Notice:  Undefined index: id_film in C:\xampp1\htdocs\cinema\index.php on line 4
[30-Jun-2020 14:42:09 Europe/Berlin] PHP Notice:  Undefined index: id_film in C:\xampp1\htdocs\cinema\index.php on line 4
[30-Jun-2020 14:42:10 Europe/Berlin] PHP Notice:  Undefined index: id_film in C:\xampp1\htdocs\cinema\index.php on line 4
[30-Jun-2020 14:42:46 Europe/Berlin] PHP Notice:  Undefined index: id_film in C:\xampp1\htdocs\cinema\index.php on line 4
[30-Jun-2020 14:42:48 Europe/Berlin] PHP Notice:  Undefined index: id_film in C:\xampp1\htdocs\cinema\index.php on line 4
[30-Jun-2020 14:46:31 Europe/Berlin] PHP Notice:  Undefined index: id_film in C:\xampp1\htdocs\cinema\index.php on line 4
[30-Jun-2020 14:47:03 Europe/Berlin] PHP Notice:  Undefined index: id_film in C:\xampp1\htdocs\cinema\index.php on line 4
[30-Jun-2020 14:47:05 Europe/Berlin] PHP Notice:  Undefined index: id_film in C:\xampp1\htdocs\cinema\index.php on line 4
[30-Jun-2020 14:47:07 Europe/Berlin] PHP Notice:  Undefined index: id_film in C:\xampp1\htdocs\cinema\index.php on line 4
[30-Jun-2020 14:47:31 Europe/Berlin] PHP Notice:  Undefined index: id_film in C:\xampp1\htdocs\cinema\index.php on line 4
[30-Jun-2020 14:47:32 Europe/Berlin] PHP Notice:  Undefined index: id_film in C:\xampp1\htdocs\cinema\index.php on line 4
[30-Jun-2020 14:49:38 Europe/Berlin] PHP Notice:  Undefined index: id_film in C:\xampp1\htdocs\cinema\index.php on line 4
[30-Jun-2020 14:50:04 Europe/Berlin] PHP Notice:  Undefined index: id_film in C:\xampp1\htdocs\cinema\index.php on line 4
[30-Jun-2020 14:50:06 Europe/Berlin] PHP Notice:  Undefined index: id_film in C:\xampp1\htdocs\cinema\index.php on line 4
[30-Jun-2020 14:51:37 Europe/Berlin] PHP Notice:  Undefined index: id_film in C:\xampp1\htdocs\cinema\index.php on line 4
[30-Jun-2020 14:52:52 Europe/Berlin] PHP Notice:  Undefined index: id_film in C:\xampp1\htdocs\cinema\index.php on line 4
[30-Jun-2020 14:52:54 Europe/Berlin] PHP Notice:  Undefined index: id_film in C:\xampp1\htdocs\cinema\index.php on line 4
[30-Jun-2020 14:53:22 Europe/Berlin] PHP Notice:  Undefined index: id_film in C:\xampp1\htdocs\cinema\index.php on line 4
[30-Jun-2020 14:53:53 Europe/Berlin] PHP Notice:  Undefined index: id_film in C:\xampp1\htdocs\cinema\index.php on line 4
[30-Jun-2020 14:53:54 Europe/Berlin] PHP Notice:  Undefined index: id_film in C:\xampp1\htdocs\cinema\index.php on line 4
[30-Jun-2020 14:54:15 Europe/Berlin] PHP Notice:  Undefined index: id_film in C:\xampp1\htdocs\cinema\index.php on line 4
[30-Jun-2020 14:54:36 Europe/Berlin] PHP Notice:  Undefined index: id_film in C:\xampp1\htdocs\cinema\index.php on line 4
[30-Jun-2020 14:56:45 Europe/Berlin] PHP Notice:  Undefined index: id_film in C:\xampp1\htdocs\cinema\index.php on line 4
[30-Jun-2020 14:58:11 Europe/Berlin] PHP Notice:  Undefined index: id_film in C:\xampp1\htdocs\cinema\index.php on line 4
[30-Jun-2020 14:59:37 Europe/Berlin] PHP Notice:  Undefined index: id_film in C:\xampp1\htdocs\cinema\index.php on line 4
[30-Jun-2020 15:01:02 Europe/Berlin] PHP Notice:  Undefined index: id_film in C:\xampp1\htdocs\cinema\index.php on line 4
[30-Jun-2020 15:03:47 Europe/Berlin] PHP Notice:  Undefined index: id_film in C:\xampp1\htdocs\cinema\index.php on line 4
[30-Jun-2020 15:03:49 Europe/Berlin] PHP Notice:  Undefined index: id_film in C:\xampp1\htdocs\cinema\index.php on line 4
[30-Jun-2020 15:04:37 Europe/Berlin] PHP Notice:  Undefined index: id_film in C:\xampp1\htdocs\cinema\index.php on line 4
[30-Jun-2020 15:04:46 Europe/Berlin] PHP Notice:  Undefined index: id_film in C:\xampp1\htdocs\cinema\index.php on line 4
[30-Jun-2020 15:07:55 Europe/Berlin] PHP Notice:  Undefined index: id_film in C:\xampp1\htdocs\cinema\index.php on line 4
[30-Jun-2020 15:07:56 Europe/Berlin] PHP Notice:  Undefined index: id_film in C:\xampp1\htdocs\cinema\index.php on line 4
[30-Jun-2020 15:08:45 Europe/Berlin] PHP Notice:  Undefined index: id_film in C:\xampp1\htdocs\cinema\index.php on line 4
[30-Jun-2020 15:09:20 Europe/Berlin] PHP Notice:  Undefined index: id_film in C:\xampp1\htdocs\cinema\index.php on line 4
[30-Jun-2020 15:09:22 Europe/Berlin] PHP Notice:  Undefined index: id_film in C:\xampp1\htdocs\cinema\index.php on line 4
[30-Jun-2020 15:09:46 Europe/Berlin] PHP Notice:  Undefined index: id_film in C:\xampp1\htdocs\cinema\index.php on line 4
[30-Jun-2020 15:15:33 Europe/Berlin] PHP Notice:  Undefined index: id_film in C:\xampp1\htdocs\cinema\index.php on line 4
[30-Jun-2020 15:15:37 Europe/Berlin] PHP Notice:  Undefined index: id_film in C:\xampp1\htdocs\cinema\najave.php on line 4
[30-Jun-2020 15:56:02 Europe/Berlin] PHP Notice:  Undefined index: id_film in C:\xampp1\htdocs\cinema\najave.php on line 4
[30-Jun-2020 15:56:16 Europe/Berlin] PHP Notice:  Undefined index: id_film in C:\xampp1\htdocs\cinema\index.php on line 4
[30-Jun-2020 15:56:46 Europe/Berlin] PHP Notice:  Undefined index: id_film in C:\xampp1\htdocs\cinema\index.php on line 4
[30-Jun-2020 15:56:48 Europe/Berlin] PHP Notice:  Undefined index: id_film in C:\xampp1\htdocs\cinema\index.php on line 4
[30-Jun-2020 15:56:57 Europe/Berlin] PHP Notice:  Undefined index: id_film in C:\xampp1\htdocs\cinema\najave.php on line 4
[30-Jun-2020 15:57:33 Europe/Berlin] PHP Notice:  Undefined index: id_film in C:\xampp1\htdocs\cinema\najave.php on line 4
[30-Jun-2020 15:57:35 Europe/Berlin] PHP Notice:  Undefined index: id_film in C:\xampp1\htdocs\cinema\index.php on line 4
[30-Jun-2020 15:57:52 Europe/Berlin] PHP Notice:  Undefined index: id_film in C:\xampp1\htdocs\cinema\index.php on line 4
[30-Jun-2020 15:58:11 Europe/Berlin] PHP Notice:  Undefined index: id_film in C:\xampp1\htdocs\cinema\index.php on line 4
[30-Jun-2020 15:59:09 Europe/Berlin] PHP Notice:  Undefined index: id_film in C:\xampp1\htdocs\cinema\index.php on line 4
[30-Jun-2020 15:59:21 Europe/Berlin] PHP Notice:  Undefined index: id_film in C:\xampp1\htdocs\cinema\najave.php on line 4
[30-Jun-2020 16:01:12 Europe/Berlin] PHP Notice:  Undefined index: id_film in C:\xampp1\htdocs\cinema\najave.php on line 4
[30-Jun-2020 16:01:48 Europe/Berlin] PHP Notice:  Undefined index: id_film in C:\xampp1\htdocs\cinema\najave.php on line 4
[30-Jun-2020 16:05:11 Europe/Berlin] PHP Notice:  Undefined index: id_film in C:\xampp1\htdocs\cinema\index.php on line 4
[30-Jun-2020 16:06:00 Europe/Berlin] PHP Notice:  Undefined index: id_film in C:\xampp1\htdocs\cinema\index.php on line 4
[30-Jun-2020 16:06:08 Europe/Berlin] PHP Notice:  Undefined index: id_film in C:\xampp1\htdocs\cinema\index.php on line 4
[30-Jun-2020 16:07:19 Europe/Berlin] PHP Notice:  Undefined index: id_film in C:\xampp1\htdocs\cinema\index.php on line 4
[30-Jun-2020 16:07:59 Europe/Berlin] PHP Notice:  Undefined index: id_film in C:\xampp1\htdocs\cinema\index.php on line 4
[30-Jun-2020 16:08:24 Europe/Berlin] PHP Notice:  Undefined index: id_film in C:\xampp1\htdocs\cinema\index.php on line 4
[30-Jun-2020 16:10:15 Europe/Berlin] PHP Notice:  Undefined index: id_film in C:\xampp1\htdocs\cinema\index.php on line 4
[30-Jun-2020 16:10:30 Europe/Berlin] PHP Notice:  Undefined index: id_film in C:\xampp1\htdocs\cinema\index.php on line 4
[30-Jun-2020 16:11:00 Europe/Berlin] PHP Notice:  Undefined index: id_film in C:\xampp1\htdocs\cinema\index.php on line 4
[30-Jun-2020 16:11:52 Europe/Berlin] PHP Notice:  Undefined index: id_film in C:\xampp1\htdocs\cinema\index.php on line 4
[30-Jun-2020 16:11:56 Europe/Berlin] PHP Notice:  Undefined index: id_film in C:\xampp1\htdocs\cinema\najave.php on line 4
[30-Jun-2020 16:12:24 Europe/Berlin] PHP Notice:  Undefined index: id_film in C:\xampp1\htdocs\cinema\index.php on line 4
[30-Jun-2020 16:12:25 Europe/Berlin] PHP Notice:  Undefined index: id_film in C:\xampp1\htdocs\cinema\index.php on line 4
[30-Jun-2020 16:12:35 Europe/Berlin] PHP Notice:  Undefined index: id_film in C:\xampp1\htdocs\cinema\najave.php on line 4
[30-Jun-2020 16:13:32 Europe/Berlin] PHP Notice:  Undefined index: id_film in C:\xampp1\htdocs\cinema\najave.php on line 4
[30-Jun-2020 16:15:32 Europe/Berlin] PHP Notice:  Undefined index: id_film in C:\xampp1\htdocs\cinema\najave.php on line 4
[30-Jun-2020 16:15:34 Europe/Berlin] PHP Notice:  Undefined index: id_film in C:\xampp1\htdocs\cinema\najave.php on line 4
[30-Jun-2020 16:16:07 Europe/Berlin] PHP Notice:  Undefined index: id_film in C:\xampp1\htdocs\cinema\najave.php on line 4
[30-Jun-2020 16:16:10 Europe/Berlin] PHP Notice:  Undefined index: id_film in C:\xampp1\htdocs\cinema\najave.php on line 4
[30-Jun-2020 16:16:12 Europe/Berlin] PHP Notice:  Undefined index: id_film in C:\xampp1\htdocs\cinema\index.php on line 4
[30-Jun-2020 16:17:23 Europe/Berlin] PHP Notice:  Undefined index: id_film in C:\xampp1\htdocs\cinema\index.php on line 4
[30-Jun-2020 16:17:35 Europe/Berlin] PHP Notice:  Undefined index: id_film in C:\xampp1\htdocs\cinema\index.php on line 4
[30-Jun-2020 16:18:03 Europe/Berlin] PHP Notice:  Undefined index: id_film in C:\xampp1\htdocs\cinema\index.php on line 4
[30-Jun-2020 16:22:40 Europe/Berlin] PHP Notice:  Undefined index: id_film in C:\xampp1\htdocs\cinema\index.php on line 4
[30-Jun-2020 16:23:59 Europe/Berlin] PHP Notice:  Undefined index: id_film in C:\xampp1\htdocs\cinema\index.php on line 4
[30-Jun-2020 16:24:09 Europe/Berlin] PHP Notice:  Undefined index: id_film in C:\xampp1\htdocs\cinema\index.php on line 4
[30-Jun-2020 21:51:32 Europe/Berlin] PHP Notice:  Undefined index: id_film in C:\xampp1\htdocs\cinema\index.php on line 4
[30-Jun-2020 21:52:07 Europe/Berlin] PHP Notice:  Undefined index: id_film in C:\xampp1\htdocs\cinema\najave.php on line 4
[30-Jun-2020 21:52:11 Europe/Berlin] PHP Notice:  Undefined index: id_film in C:\xampp1\htdocs\cinema\index.php on line 4
[30-Jun-2020 21:55:12 Europe/Berlin] PHP Notice:  Undefined index: id_film in C:\xampp1\htdocs\cinema\najave.php on line 4
[30-Jun-2020 22:42:28 Europe/Berlin] PHP Notice:  Undefined index: id_film in C:\xampp1\htdocs\cinema\index.php on line 4
[30-Jun-2020 22:43:10 Europe/Berlin] PHP Notice:  Undefined index: id_film in C:\xampp1\htdocs\cinema\najave.php on line 4
[30-Jun-2020 22:43:14 Europe/Berlin] PHP Notice:  Undefined index: id_film in C:\xampp1\htdocs\cinema\index.php on line 4
[01-Jul-2020 10:59:38 Europe/Berlin] PHP Notice:  Undefined index: id_film in C:\xampp1\htdocs\cinema\index.php on line 4
[01-Jul-2020 10:59:41 Europe/Berlin] PHP Notice:  Undefined index: id_film in C:\xampp1\htdocs\cinema\najave.php on line 4
[01-Jul-2020 10:59:57 Europe/Berlin] PHP Notice:  Undefined index: id_film in C:\xampp1\htdocs\cinema\index.php on line 4
[01-Jul-2020 11:00:18 Europe/Berlin] PHP Notice:  Undefined index: id_film in C:\xampp1\htdocs\cinema\najave.php on line 4
[01-Jul-2020 11:02:08 Europe/Berlin] PHP Notice:  Undefined index: id_film in C:\xampp1\htdocs\cinema\index.php on line 4
[01-Jul-2020 11:14:36 Europe/Berlin] PHP Notice:  Undefined index: id_film in C:\xampp1\htdocs\cinema\index.php on line 4
[01-Jul-2020 11:14:56 Europe/Berlin] PHP Notice:  Undefined index: id_film in C:\xampp1\htdocs\cinema\index.php on line 4
[01-Jul-2020 11:15:24 Europe/Berlin] PHP Notice:  Undefined index: id_film in C:\xampp1\htdocs\cinema\index.php on line 4
[01-Jul-2020 11:15:25 Europe/Berlin] PHP Notice:  Undefined index: id_film in C:\xampp1\htdocs\cinema\index.php on line 4
[01-Jul-2020 11:15:37 Europe/Berlin] PHP Notice:  Undefined index: id_film in C:\xampp1\htdocs\cinema\index.php on line 4
[01-Jul-2020 11:15:39 Europe/Berlin] PHP Notice:  Undefined index: id_film in C:\xampp1\htdocs\cinema\index.php on line 4
[01-Jul-2020 11:16:04 Europe/Berlin] PHP Notice:  Undefined index: id_film in C:\xampp1\htdocs\cinema\index.php on line 4
[01-Jul-2020 11:16:05 Europe/Berlin] PHP Notice:  Undefined index: id_film in C:\xampp1\htdocs\cinema\index.php on line 4
[01-Jul-2020 11:16:26 Europe/Berlin] PHP Notice:  Undefined index: id_film in C:\xampp1\htdocs\cinema\index.php on line 4
[01-Jul-2020 11:16:40 Europe/Berlin] PHP Notice:  Undefined index: id_film in C:\xampp1\htdocs\cinema\index.php on line 4
[01-Jul-2020 11:16:41 Europe/Berlin] PHP Notice:  Undefined index: id_film in C:\xampp1\htdocs\cinema\index.php on line 4
[01-Jul-2020 11:19:17 Europe/Berlin] PHP Notice:  Undefined index: id_film in C:\xampp1\htdocs\cinema\index.php on line 4
[01-Jul-2020 11:19:18 Europe/Berlin] PHP Notice:  Undefined index: id_film in C:\xampp1\htdocs\cinema\index.php on line 4
[01-Jul-2020 11:19:53 Europe/Berlin] PHP Notice:  Undefined index: id_film in C:\xampp1\htdocs\cinema\index.php on line 4
[01-Jul-2020 11:20:26 Europe/Berlin] PHP Notice:  Undefined index: id_film in C:\xampp1\htdocs\cinema\index.php on line 4
[01-Jul-2020 11:20:27 Europe/Berlin] PHP Notice:  Undefined index: id_film in C:\xampp1\htdocs\cinema\index.php on line 4
[01-Jul-2020 11:20:28 Europe/Berlin] PHP Notice:  Undefined index: id_film in C:\xampp1\htdocs\cinema\index.php on line 4
[01-Jul-2020 11:20:28 Europe/Berlin] PHP Notice:  Undefined index: id_film in C:\xampp1\htdocs\cinema\index.php on line 4
[01-Jul-2020 11:20:29 Europe/Berlin] PHP Notice:  Undefined index: id_film in C:\xampp1\htdocs\cinema\index.php on line 4
[01-Jul-2020 11:20:29 Europe/Berlin] PHP Notice:  Undefined index: id_film in C:\xampp1\htdocs\cinema\index.php on line 4
[01-Jul-2020 11:20:42 Europe/Berlin] PHP Notice:  Undefined index: id_film in C:\xampp1\htdocs\cinema\index.php on line 4
[01-Jul-2020 11:20:43 Europe/Berlin] PHP Notice:  Undefined index: id_film in C:\xampp1\htdocs\cinema\index.php on line 4
[01-Jul-2020 11:21:53 Europe/Berlin] PHP Notice:  Undefined index: id_film in C:\xampp1\htdocs\cinema\index.php on line 4
[01-Jul-2020 11:22:29 Europe/Berlin] PHP Notice:  Undefined index: id_film in C:\xampp1\htdocs\cinema\index.php on line 4
[01-Jul-2020 11:22:30 Europe/Berlin] PHP Notice:  Undefined index: id_film in C:\xampp1\htdocs\cinema\index.php on line 4
[01-Jul-2020 11:23:31 Europe/Berlin] PHP Notice:  Undefined index: id_film in C:\xampp1\htdocs\cinema\index.php on line 4
[01-Jul-2020 11:23:32 Europe/Berlin] PHP Notice:  Undefined index: id_film in C:\xampp1\htdocs\cinema\index.php on line 4
[01-Jul-2020 11:23:43 Europe/Berlin] PHP Notice:  Undefined index: id_film in C:\xampp1\htdocs\cinema\index.php on line 4
[01-Jul-2020 11:23:44 Europe/Berlin] PHP Notice:  Undefined index: id_film in C:\xampp1\htdocs\cinema\index.php on line 4
[01-Jul-2020 11:24:53 Europe/Berlin] PHP Notice:  Undefined index: id_film in C:\xampp1\htdocs\cinema\index.php on line 4
[01-Jul-2020 11:24:54 Europe/Berlin] PHP Notice:  Undefined index: id_film in C:\xampp1\htdocs\cinema\index.php on line 4
[01-Jul-2020 11:26:08 Europe/Berlin] PHP Notice:  Undefined index: id_film in C:\xampp1\htdocs\cinema\index.php on line 4
[01-Jul-2020 11:26:09 Europe/Berlin] PHP Notice:  Undefined index: id_film in C:\xampp1\htdocs\cinema\index.php on line 4
[01-Jul-2020 11:31:33 Europe/Berlin] PHP Notice:  Undefined index: id_film in C:\xampp1\htdocs\cinema\index.php on line 4
[01-Jul-2020 11:31:33 Europe/Berlin] PHP Notice:  Undefined index: id_film in C:\xampp1\htdocs\cinema\index.php on line 4
[01-Jul-2020 11:31:33 Europe/Berlin] PHP Notice:  Undefined index: id_film in C:\xampp1\htdocs\cinema\index.php on line 4
[01-Jul-2020 11:31:33 Europe/Berlin] PHP Notice:  Undefined index: id_film in C:\xampp1\htdocs\cinema\index.php on line 4
[01-Jul-2020 11:31:34 Europe/Berlin] PHP Notice:  Undefined index: id_film in C:\xampp1\htdocs\cinema\index.php on line 4
[01-Jul-2020 11:31:34 Europe/Berlin] PHP Notice:  Undefined index: id_film in C:\xampp1\htdocs\cinema\index.php on line 4
[01-Jul-2020 11:31:37 Europe/Berlin] PHP Notice:  Undefined index: id_film in C:\xampp1\htdocs\cinema\index.php on line 4
[01-Jul-2020 11:33:41 Europe/Berlin] PHP Notice:  Undefined index: id_film in C:\xampp1\htdocs\cinema\index.php on line 4
[01-Jul-2020 11:33:42 Europe/Berlin] PHP Notice:  Undefined index: id_film in C:\xampp1\htdocs\cinema\index.php on line 4
[01-Jul-2020 11:33:57 Europe/Berlin] PHP Notice:  Undefined index: id_film in C:\xampp1\htdocs\cinema\index.php on line 4
[01-Jul-2020 11:33:58 Europe/Berlin] PHP Notice:  Undefined index: id_film in C:\xampp1\htdocs\cinema\index.php on line 4
[01-Jul-2020 11:34:02 Europe/Berlin] PHP Notice:  Undefined index: id_film in C:\xampp1\htdocs\cinema\index.php on line 4
[01-Jul-2020 11:34:36 Europe/Berlin] PHP Notice:  Undefined index: id_film in C:\xampp1\htdocs\cinema\index.php on line 4
[01-Jul-2020 11:35:25 Europe/Berlin] PHP Notice:  Undefined index: id_film in C:\xampp1\htdocs\cinema\index.php on line 4
[01-Jul-2020 11:35:26 Europe/Berlin] PHP Notice:  Undefined index: id_film in C:\xampp1\htdocs\cinema\index.php on line 4
[01-Jul-2020 11:37:19 Europe/Berlin] PHP Notice:  Undefined index: id_film in C:\xampp1\htdocs\cinema\index.php on line 4
[01-Jul-2020 11:37:21 Europe/Berlin] PHP Notice:  Undefined index: id_film in C:\xampp1\htdocs\cinema\index.php on line 4
[01-Jul-2020 11:37:33 Europe/Berlin] PHP Notice:  Undefined index: id_film in C:\xampp1\htdocs\cinema\index.php on line 4
[01-Jul-2020 11:37:34 Europe/Berlin] PHP Notice:  Undefined index: id_film in C:\xampp1\htdocs\cinema\index.php on line 4
[01-Jul-2020 11:37:57 Europe/Berlin] PHP Notice:  Undefined index: id_film in C:\xampp1\htdocs\cinema\index.php on line 4
[01-Jul-2020 11:37:58 Europe/Berlin] PHP Notice:  Undefined index: id_film in C:\xampp1\htdocs\cinema\index.php on line 4
[01-Jul-2020 11:38:20 Europe/Berlin] PHP Notice:  Undefined index: id_film in C:\xampp1\htdocs\cinema\index.php on line 4
[01-Jul-2020 11:38:21 Europe/Berlin] PHP Notice:  Undefined index: id_film in C:\xampp1\htdocs\cinema\index.php on line 4
[01-Jul-2020 11:44:35 Europe/Berlin] PHP Notice:  Undefined index: id_film in C:\xampp1\htdocs\cinema\index.php on line 4
[01-Jul-2020 11:44:36 Europe/Berlin] PHP Notice:  Undefined index: id_film in C:\xampp1\htdocs\cinema\index.php on line 4
[01-Jul-2020 11:44:38 Europe/Berlin] PHP Notice:  Undefined index: id_film in C:\xampp1\htdocs\cinema\index.php on line 4
[01-Jul-2020 11:46:34 Europe/Berlin] PHP Notice:  Undefined index: id_film in C:\xampp1\htdocs\cinema\index.php on line 4
[01-Jul-2020 11:48:11 Europe/Berlin] PHP Notice:  Undefined index: id_film in C:\xampp1\htdocs\cinema\index.php on line 4
[01-Jul-2020 11:48:12 Europe/Berlin] PHP Notice:  Undefined index: id_film in C:\xampp1\htdocs\cinema\index.php on line 4
[01-Jul-2020 11:48:56 Europe/Berlin] PHP Notice:  Undefined index: id_film in C:\xampp1\htdocs\cinema\index.php on line 4
[01-Jul-2020 11:48:58 Europe/Berlin] PHP Notice:  Undefined index: id_film in C:\xampp1\htdocs\cinema\index.php on line 4
[01-Jul-2020 11:49:39 Europe/Berlin] PHP Notice:  Undefined index: id_film in C:\xampp1\htdocs\cinema\index.php on line 4
[01-Jul-2020 11:49:40 Europe/Berlin] PHP Notice:  Undefined index: id_film in C:\xampp1\htdocs\cinema\index.php on line 4
[01-Jul-2020 11:49:52 Europe/Berlin] PHP Notice:  Undefined index: id_film in C:\xampp1\htdocs\cinema\index.php on line 4
[01-Jul-2020 11:52:15 Europe/Berlin] PHP Notice:  Undefined index: id_film in C:\xampp1\htdocs\cinema\index.php on line 4
[01-Jul-2020 11:52:15 Europe/Berlin] PHP Notice:  session_start(): A session had already been started - ignoring in C:\xampp1\htdocs\cinema\init.php on line 11
[01-Jul-2020 11:52:15 Europe/Berlin] PHP Notice:  Undefined index: id_film in C:\xampp1\htdocs\cinema\slider.php on line 4
[01-Jul-2020 11:52:17 Europe/Berlin] PHP Notice:  Undefined index: id_film in C:\xampp1\htdocs\cinema\index.php on line 4
[01-Jul-2020 11:52:17 Europe/Berlin] PHP Notice:  session_start(): A session had already been started - ignoring in C:\xampp1\htdocs\cinema\init.php on line 11
[01-Jul-2020 11:52:17 Europe/Berlin] PHP Notice:  Undefined index: id_film in C:\xampp1\htdocs\cinema\slider.php on line 4
[01-Jul-2020 11:52:43 Europe/Berlin] PHP Notice:  Undefined index: id_film in C:\xampp1\htdocs\cinema\index.php on line 4
[01-Jul-2020 11:52:43 Europe/Berlin] PHP Notice:  session_start(): A session had already been started - ignoring in C:\xampp1\htdocs\cinema\init.php on line 11
[01-Jul-2020 11:52:43 Europe/Berlin] PHP Notice:  Undefined index: id_film in C:\xampp1\htdocs\cinema\slider.php on line 4
[01-Jul-2020 11:52:44 Europe/Berlin] PHP Notice:  Undefined index: id_film in C:\xampp1\htdocs\cinema\index.php on line 4
[01-Jul-2020 11:52:44 Europe/Berlin] PHP Notice:  session_start(): A session had already been started - ignoring in C:\xampp1\htdocs\cinema\init.php on line 11
[01-Jul-2020 11:52:44 Europe/Berlin] PHP Notice:  Undefined index: id_film in C:\xampp1\htdocs\cinema\slider.php on line 4
[01-Jul-2020 11:53:10 Europe/Berlin] PHP Notice:  Undefined index: id_film in C:\xampp1\htdocs\cinema\index.php on line 4
[01-Jul-2020 11:59:14 Europe/Berlin] PHP Notice:  Undefined index: id_film in C:\xampp1\htdocs\cinema\index.php on line 4
[01-Jul-2020 11:59:16 Europe/Berlin] PHP Notice:  Undefined index: id_film in C:\xampp1\htdocs\cinema\index.php on line 4
[01-Jul-2020 11:59:17 Europe/Berlin] PHP Notice:  Undefined index: id_film in C:\xampp1\htdocs\cinema\index.php on line 4
[01-Jul-2020 12:00:16 Europe/Berlin] PHP Notice:  Undefined index: id_film in C:\xampp1\htdocs\cinema\index.php on line 4
[01-Jul-2020 12:00:18 Europe/Berlin] PHP Notice:  Undefined index: id_film in C:\xampp1\htdocs\cinema\index.php on line 4
[01-Jul-2020 12:01:30 Europe/Berlin] PHP Notice:  Undefined index: id_film in C:\xampp1\htdocs\cinema\index.php on line 4
[01-Jul-2020 12:01:32 Europe/Berlin] PHP Notice:  Undefined index: id_film in C:\xampp1\htdocs\cinema\index.php on line 4
[01-Jul-2020 12:01:52 Europe/Berlin] PHP Notice:  Undefined index: id_film in C:\xampp1\htdocs\cinema\index.php on line 4
[01-Jul-2020 12:02:55 Europe/Berlin] PHP Notice:  Undefined index: id_film in C:\xampp1\htdocs\cinema\index.php on line 4
[01-Jul-2020 12:05:08 Europe/Berlin] PHP Notice:  Undefined index: id_film in C:\xampp1\htdocs\cinema\index.php on line 4
[01-Jul-2020 12:05:40 Europe/Berlin] PHP Notice:  Undefined index: id_film in C:\xampp1\htdocs\cinema\index.php on line 4
[01-Jul-2020 12:07:11 Europe/Berlin] PHP Notice:  Undefined index: id_film in C:\xampp1\htdocs\cinema\index.php on line 4
[01-Jul-2020 12:07:20 Europe/Berlin] PHP Notice:  Undefined index: id_film in C:\xampp1\htdocs\cinema\index.php on line 4
[01-Jul-2020 12:08:10 Europe/Berlin] PHP Notice:  Undefined index: id_film in C:\xampp1\htdocs\cinema\index.php on line 4
[01-Jul-2020 12:08:23 Europe/Berlin] PHP Notice:  Undefined index: id_film in C:\xampp1\htdocs\cinema\index.php on line 4
[01-Jul-2020 12:08:47 Europe/Berlin] PHP Notice:  Undefined index: id_film in C:\xampp1\htdocs\cinema\index.php on line 4
[01-Jul-2020 12:09:12 Europe/Berlin] PHP Notice:  Undefined index: id_film in C:\xampp1\htdocs\cinema\index.php on line 4
[01-Jul-2020 12:10:12 Europe/Berlin] PHP Notice:  Undefined index: id_film in C:\xampp1\htdocs\cinema\index.php on line 4
[01-Jul-2020 12:10:14 Europe/Berlin] PHP Notice:  Undefined index: id_film in C:\xampp1\htdocs\cinema\index.php on line 4
[01-Jul-2020 12:10:39 Europe/Berlin] PHP Notice:  Undefined index: id_film in C:\xampp1\htdocs\cinema\index.php on line 4
[01-Jul-2020 12:10:40 Europe/Berlin] PHP Notice:  Undefined index: id_film in C:\xampp1\htdocs\cinema\index.php on line 4
[01-Jul-2020 12:10:46 Europe/Berlin] PHP Notice:  Undefined index: id_film in C:\xampp1\htdocs\cinema\index.php on line 4
[01-Jul-2020 12:11:22 Europe/Berlin] PHP Notice:  Undefined index: id_film in C:\xampp1\htdocs\cinema\index.php on line 4
[01-Jul-2020 12:11:23 Europe/Berlin] PHP Notice:  Undefined index: id_film in C:\xampp1\htdocs\cinema\index.php on line 4
[01-Jul-2020 12:11:35 Europe/Berlin] PHP Notice:  Undefined index: id_film in C:\xampp1\htdocs\cinema\index.php on line 4
[01-Jul-2020 12:11:36 Europe/Berlin] PHP Notice:  Undefined index: id_film in C:\xampp1\htdocs\cinema\index.php on line 4
[01-Jul-2020 12:11:48 Europe/Berlin] PHP Notice:  Undefined index: id_film in C:\xampp1\htdocs\cinema\index.php on line 4
[01-Jul-2020 12:11:48 Europe/Berlin] PHP Notice:  Undefined index: id_film in C:\xampp1\htdocs\cinema\index.php on line 4
[01-Jul-2020 12:12:05 Europe/Berlin] PHP Notice:  Undefined index: id_film in C:\xampp1\htdocs\cinema\index.php on line 4
[01-Jul-2020 12:12:06 Europe/Berlin] PHP Notice:  Undefined index: id_film in C:\xampp1\htdocs\cinema\index.php on line 4
[01-Jul-2020 12:13:18 Europe/Berlin] PHP Notice:  Undefined index: id_film in C:\xampp1\htdocs\cinema\index.php on line 4
[01-Jul-2020 12:13:51 Europe/Berlin] PHP Notice:  Undefined index: id_film in C:\xampp1\htdocs\cinema\index.php on line 4
[01-Jul-2020 12:14:13 Europe/Berlin] PHP Notice:  Undefined index: id_film in C:\xampp1\htdocs\cinema\index.php on line 4
[01-Jul-2020 12:14:27 Europe/Berlin] PHP Notice:  Undefined index: id_film in C:\xampp1\htdocs\cinema\index.php on line 4
[01-Jul-2020 12:14:38 Europe/Berlin] PHP Notice:  Undefined index: id_film in C:\xampp1\htdocs\cinema\index.php on line 4
[01-Jul-2020 12:17:08 Europe/Berlin] PHP Notice:  Undefined index: id_film in C:\xampp1\htdocs\cinema\index.php on line 4
[01-Jul-2020 12:17:31 Europe/Berlin] PHP Notice:  Undefined index: id_film in C:\xampp1\htdocs\cinema\index.php on line 4
[01-Jul-2020 12:17:55 Europe/Berlin] PHP Notice:  Undefined index: id_film in C:\xampp1\htdocs\cinema\index.php on line 4
[01-Jul-2020 12:18:15 Europe/Berlin] PHP Notice:  Undefined index: id_film in C:\xampp1\htdocs\cinema\index.php on line 4
[01-Jul-2020 12:19:46 Europe/Berlin] PHP Notice:  Undefined index: id_film in C:\xampp1\htdocs\cinema\index.php on line 4
[01-Jul-2020 12:20:21 Europe/Berlin] PHP Notice:  Undefined index: id_film in C:\xampp1\htdocs\cinema\index.php on line 4
[01-Jul-2020 12:20:23 Europe/Berlin] PHP Notice:  Undefined index: id_film in C:\xampp1\htdocs\cinema\index.php on line 4
[01-Jul-2020 12:20:48 Europe/Berlin] PHP Notice:  Undefined index: id_film in C:\xampp1\htdocs\cinema\index.php on line 4
[01-Jul-2020 12:21:39 Europe/Berlin] PHP Notice:  Undefined index: id_film in C:\xampp1\htdocs\cinema\index.php on line 4
[01-Jul-2020 12:21:48 Europe/Berlin] PHP Notice:  Undefined index: id_film in C:\xampp1\htdocs\cinema\index.php on line 4
[01-Jul-2020 12:24:59 Europe/Berlin] PHP Notice:  Undefined index: id_film in C:\xampp1\htdocs\cinema\index.php on line 4
[01-Jul-2020 12:26:11 Europe/Berlin] PHP Notice:  Undefined index: id_film in C:\xampp1\htdocs\cinema\index.php on line 4
[01-Jul-2020 12:26:31 Europe/Berlin] PHP Notice:  Undefined index: id_film in C:\xampp1\htdocs\cinema\index.php on line 4
[01-Jul-2020 12:26:40 Europe/Berlin] PHP Notice:  Undefined index: id_film in C:\xampp1\htdocs\cinema\index.php on line 4
[01-Jul-2020 12:26:55 Europe/Berlin] PHP Notice:  Undefined index: id_film in C:\xampp1\htdocs\cinema\index.php on line 4
[01-Jul-2020 12:27:26 Europe/Berlin] PHP Notice:  Undefined index: id_film in C:\xampp1\htdocs\cinema\index.php on line 4
[01-Jul-2020 12:27:54 Europe/Berlin] PHP Notice:  Undefined index: id_film in C:\xampp1\htdocs\cinema\index.php on line 4
[01-Jul-2020 12:28:24 Europe/Berlin] PHP Notice:  Undefined index: id_film in C:\xampp1\htdocs\cinema\index.php on line 4
[01-Jul-2020 12:28:49 Europe/Berlin] PHP Notice:  Undefined index: id_film in C:\xampp1\htdocs\cinema\index.php on line 4
[01-Jul-2020 12:29:20 Europe/Berlin] PHP Notice:  Undefined index: id_film in C:\xampp1\htdocs\cinema\index.php on line 4
[01-Jul-2020 12:30:24 Europe/Berlin] PHP Notice:  Undefined index: id_film in C:\xampp1\htdocs\cinema\index.php on line 4
[01-Jul-2020 12:31:14 Europe/Berlin] PHP Notice:  Undefined index: id_film in C:\xampp1\htdocs\cinema\index.php on line 4
[01-Jul-2020 12:31:24 Europe/Berlin] PHP Notice:  Undefined index: id_film in C:\xampp1\htdocs\cinema\index.php on line 4
[01-Jul-2020 12:31:47 Europe/Berlin] PHP Notice:  Undefined index: id_film in C:\xampp1\htdocs\cinema\index.php on line 4
[01-Jul-2020 12:32:21 Europe/Berlin] PHP Notice:  Undefined index: id_film in C:\xampp1\htdocs\cinema\index.php on line 4
[01-Jul-2020 12:34:06 Europe/Berlin] PHP Notice:  Undefined index: id_film in C:\xampp1\htdocs\cinema\index.php on line 4
[01-Jul-2020 12:35:33 Europe/Berlin] PHP Notice:  Undefined index: id_film in C:\xampp1\htdocs\cinema\index.php on line 4
[01-Jul-2020 12:35:55 Europe/Berlin] PHP Notice:  Undefined index: id_film in C:\xampp1\htdocs\cinema\index.php on line 4
[01-Jul-2020 12:36:33 Europe/Berlin] PHP Notice:  Undefined index: id_film in C:\xampp1\htdocs\cinema\index.php on line 4
[01-Jul-2020 12:36:58 Europe/Berlin] PHP Notice:  Undefined index: id_film in C:\xampp1\htdocs\cinema\index.php on line 4
[01-Jul-2020 12:37:07 Europe/Berlin] PHP Notice:  Undefined index: id_film in C:\xampp1\htdocs\cinema\index.php on line 4
[01-Jul-2020 12:37:44 Europe/Berlin] PHP Notice:  Undefined index: id_film in C:\xampp1\htdocs\cinema\index.php on line 4
[01-Jul-2020 12:38:01 Europe/Berlin] PHP Notice:  Undefined index: id_film in C:\xampp1\htdocs\cinema\index.php on line 4
[01-Jul-2020 12:38:14 Europe/Berlin] PHP Notice:  Undefined index: id_film in C:\xampp1\htdocs\cinema\index.php on line 4
[01-Jul-2020 12:38:32 Europe/Berlin] PHP Notice:  Undefined index: id_film in C:\xampp1\htdocs\cinema\index.php on line 4
[01-Jul-2020 12:38:49 Europe/Berlin] PHP Notice:  Undefined index: id_film in C:\xampp1\htdocs\cinema\index.php on line 4
[01-Jul-2020 12:39:04 Europe/Berlin] PHP Notice:  Undefined index: id_film in C:\xampp1\htdocs\cinema\index.php on line 4
[01-Jul-2020 12:39:40 Europe/Berlin] PHP Notice:  Undefined index: id_film in C:\xampp1\htdocs\cinema\index.php on line 4
[01-Jul-2020 12:40:00 Europe/Berlin] PHP Notice:  Undefined index: id_film in C:\xampp1\htdocs\cinema\index.php on line 4
[01-Jul-2020 12:42:44 Europe/Berlin] PHP Notice:  Undefined index: id_film in C:\xampp1\htdocs\cinema\index.php on line 4
[01-Jul-2020 12:42:52 Europe/Berlin] PHP Notice:  Undefined index: id_film in C:\xampp1\htdocs\cinema\najave.php on line 4
[01-Jul-2020 12:52:11 Europe/Berlin] PHP Notice:  Undefined index: id_film in C:\xampp1\htdocs\cinema\najave.php on line 4
[01-Jul-2020 12:52:16 Europe/Berlin] PHP Notice:  Undefined index: id_film in C:\xampp1\htdocs\cinema\index.php on line 4
[01-Jul-2020 12:52:19 Europe/Berlin] PHP Notice:  Undefined index: id_film in C:\xampp1\htdocs\cinema\najave.php on line 4
[01-Jul-2020 12:52:32 Europe/Berlin] PHP Notice:  Undefined index: id_film in C:\xampp1\htdocs\cinema\najave.php on line 4
[01-Jul-2020 12:52:34 Europe/Berlin] PHP Notice:  Undefined index: id_film in C:\xampp1\htdocs\cinema\najave.php on line 4
[01-Jul-2020 12:52:55 Europe/Berlin] PHP Notice:  Undefined index: id_film in C:\xampp1\htdocs\cinema\najave.php on line 4
[01-Jul-2020 12:54:38 Europe/Berlin] PHP Notice:  Undefined index: id_film in C:\xampp1\htdocs\cinema\index.php on line 4
[01-Jul-2020 12:59:12 Europe/Berlin] PHP Notice:  Undefined index: id_film in C:\xampp1\htdocs\cinema\index.php on line 4
[01-Jul-2020 12:59:26 Europe/Berlin] PHP Notice:  Undefined index: id_film in C:\xampp1\htdocs\cinema\index.php on line 4
[01-Jul-2020 12:59:32 Europe/Berlin] PHP Notice:  Undefined index: id_film in C:\xampp1\htdocs\cinema\najave.php on line 4
[01-Jul-2020 13:00:19 Europe/Berlin] PHP Notice:  Undefined index: id_film in C:\xampp1\htdocs\cinema\index.php on line 4
[01-Jul-2020 13:00:20 Europe/Berlin] PHP Notice:  Undefined index: id_film in C:\xampp1\htdocs\cinema\index.php on line 4
[01-Jul-2020 13:04:52 Europe/Berlin] PHP Notice:  Undefined index: id_film in C:\xampp1\htdocs\cinema\index.php on line 4
[01-Jul-2020 13:05:23 Europe/Berlin] PHP Notice:  Undefined index: id_film in C:\xampp1\htdocs\cinema\index.php on line 4
[01-Jul-2020 13:06:12 Europe/Berlin] PHP Notice:  Undefined index: id_film in C:\xampp1\htdocs\cinema\index.php on line 4
[01-Jul-2020 13:16:03 Europe/Berlin] PHP Notice:  Undefined index: id_film in C:\xampp1\htdocs\cinema\index.php on line 4
[01-Jul-2020 13:17:15 Europe/Berlin] PHP Notice:  Undefined index: id_film in C:\xampp1\htdocs\cinema\index.php on line 4
[01-Jul-2020 13:18:28 Europe/Berlin] PHP Notice:  Undefined index: id_film in C:\xampp1\htdocs\cinema\index.php on line 4
[01-Jul-2020 13:18:38 Europe/Berlin] PHP Notice:  Undefined index: id_film in C:\xampp1\htdocs\cinema\index.php on line 4
[01-Jul-2020 13:18:55 Europe/Berlin] PHP Notice:  Undefined index: id_film in C:\xampp1\htdocs\cinema\index.php on line 4
[01-Jul-2020 13:24:50 Europe/Berlin] PHP Notice:  Undefined index: id_film in C:\xampp1\htdocs\cinema\index.php on line 4
[01-Jul-2020 13:26:52 Europe/Berlin] PHP Notice:  Undefined index: id_film in C:\xampp1\htdocs\cinema\index.php on line 4
[01-Jul-2020 13:27:51 Europe/Berlin] PHP Notice:  Undefined index: id_film in C:\xampp1\htdocs\cinema\index.php on line 4
[01-Jul-2020 13:28:21 Europe/Berlin] PHP Notice:  Undefined index: id_film in C:\xampp1\htdocs\cinema\index.php on line 4
[01-Jul-2020 13:28:23 Europe/Berlin] PHP Notice:  Undefined index: id_film in C:\xampp1\htdocs\cinema\index.php on line 4
[01-Jul-2020 13:29:15 Europe/Berlin] PHP Notice:  Undefined index: id_film in C:\xampp1\htdocs\cinema\index.php on line 4
[01-Jul-2020 13:29:17 Europe/Berlin] PHP Notice:  Undefined index: id_film in C:\xampp1\htdocs\cinema\index.php on line 4
[01-Jul-2020 13:29:18 Europe/Berlin] PHP Notice:  Undefined index: id_film in C:\xampp1\htdocs\cinema\index.php on line 4
[01-Jul-2020 13:29:49 Europe/Berlin] PHP Notice:  Undefined index: id_film in C:\xampp1\htdocs\cinema\index.php on line 4
[01-Jul-2020 13:31:12 Europe/Berlin] PHP Notice:  Undefined index: id_film in C:\xampp1\htdocs\cinema\index.php on line 4
[01-Jul-2020 13:32:02 Europe/Berlin] PHP Notice:  Undefined index: id_film in C:\xampp1\htdocs\cinema\index.php on line 4
[01-Jul-2020 13:34:02 Europe/Berlin] PHP Notice:  Undefined index: id_film in C:\xampp1\htdocs\cinema\index.php on line 4
[01-Jul-2020 13:34:14 Europe/Berlin] PHP Notice:  Undefined index: id_film in C:\xampp1\htdocs\cinema\index.php on line 4
[01-Jul-2020 13:34:48 Europe/Berlin] PHP Notice:  Undefined index: id_film in C:\xampp1\htdocs\cinema\index.php on line 4
[01-Jul-2020 13:35:33 Europe/Berlin] PHP Notice:  Undefined index: id_film in C:\xampp1\htdocs\cinema\index.php on line 4
[01-Jul-2020 13:35:52 Europe/Berlin] PHP Notice:  Undefined index: id_film in C:\xampp1\htdocs\cinema\index.php on line 4
[01-Jul-2020 13:35:54 Europe/Berlin] PHP Notice:  Undefined index: id_film in C:\xampp1\htdocs\cinema\index.php on line 4
[01-Jul-2020 13:36:06 Europe/Berlin] PHP Notice:  Undefined index: id_film in C:\xampp1\htdocs\cinema\index.php on line 4
[01-Jul-2020 13:38:21 Europe/Berlin] PHP Notice:  Undefined index: id_film in C:\xampp1\htdocs\cinema\index.php on line 4
[01-Jul-2020 13:38:25 Europe/Berlin] PHP Notice:  Undefined index: id_film in C:\xampp1\htdocs\cinema\index.php on line 4
[01-Jul-2020 13:38:30 Europe/Berlin] PHP Notice:  Undefined index: id_film in C:\xampp1\htdocs\cinema\najave.php on line 4
[01-Jul-2020 13:38:32 Europe/Berlin] PHP Notice:  Undefined index: id_film in C:\xampp1\htdocs\cinema\index.php on line 4
[01-Jul-2020 13:38:35 Europe/Berlin] PHP Notice:  Undefined index: id_film in C:\xampp1\htdocs\cinema\index.php on line 4
[01-Jul-2020 13:38:46 Europe/Berlin] PHP Notice:  Undefined index: id_film in C:\xampp1\htdocs\cinema\index.php on line 4
[01-Jul-2020 13:39:52 Europe/Berlin] PHP Notice:  Undefined index: id_film in C:\xampp1\htdocs\cinema\index.php on line 4
[01-Jul-2020 13:39:56 Europe/Berlin] PHP Notice:  Undefined index: id_film in C:\xampp1\htdocs\cinema\index.php on line 4
[01-Jul-2020 13:40:44 Europe/Berlin] PHP Notice:  Undefined index: id_film in C:\xampp1\htdocs\cinema\index.php on line 4
[01-Jul-2020 13:40:49 Europe/Berlin] PHP Notice:  Undefined index: id_film in C:\xampp1\htdocs\cinema\najave.php on line 4
[01-Jul-2020 13:41:07 Europe/Berlin] PHP Notice:  Undefined index: id_film in C:\xampp1\htdocs\cinema\index.php on line 4
[01-Jul-2020 13:42:15 Europe/Berlin] PHP Notice:  Undefined index: id_film in C:\xampp1\htdocs\cinema\index.php on line 4
[01-Jul-2020 13:42:16 Europe/Berlin] PHP Notice:  Undefined index: id_film in C:\xampp1\htdocs\cinema\index.php on line 4
[01-Jul-2020 13:42:29 Europe/Berlin] PHP Notice:  Undefined index: id_film in C:\xampp1\htdocs\cinema\index.php on line 4
[01-Jul-2020 13:42:30 Europe/Berlin] PHP Notice:  Undefined index: id_film in C:\xampp1\htdocs\cinema\index.php on line 4
[01-Jul-2020 13:44:12 Europe/Berlin] PHP Notice:  Undefined index: id_film in C:\xampp1\htdocs\cinema\index.php on line 4
[01-Jul-2020 13:44:13 Europe/Berlin] PHP Notice:  Undefined index: id_film in C:\xampp1\htdocs\cinema\index.php on line 4
[01-Jul-2020 13:45:32 Europe/Berlin] PHP Notice:  Undefined index: id_film in C:\xampp1\htdocs\cinema\index.php on line 4
[01-Jul-2020 13:46:23 Europe/Berlin] PHP Notice:  Undefined index: id_film in C:\xampp1\htdocs\cinema\index.php on line 4
[01-Jul-2020 13:57:22 Europe/Berlin] PHP Notice:  Undefined index: id_film in C:\xampp1\htdocs\cinema\index.php on line 4
[01-Jul-2020 14:02:35 Europe/Berlin] PHP Notice:  Undefined index: id_film in C:\xampp1\htdocs\cinema\index.php on line 4
[01-Jul-2020 14:02:43 Europe/Berlin] PHP Notice:  Undefined index: id_film in C:\xampp1\htdocs\cinema\index.php on line 4
[01-Jul-2020 14:04:54 Europe/Berlin] PHP Notice:  Undefined index: id_film in C:\xampp1\htdocs\cinema\index.php on line 4
[01-Jul-2020 14:05:10 Europe/Berlin] PHP Notice:  Undefined index: id_film in C:\xampp1\htdocs\cinema\index.php on line 4
[01-Jul-2020 15:44:05 Europe/Berlin] PHP Notice:  Undefined index: id_film in C:\xampp1\htdocs\cinema\najave.php on line 4
[01-Jul-2020 15:46:29 Europe/Berlin] PHP Notice:  Undefined index: id_film in C:\xampp1\htdocs\cinema\index.php on line 4
[01-Jul-2020 15:46:56 Europe/Berlin] PHP Notice:  Undefined index: id_film in C:\xampp1\htdocs\cinema\index.php on line 4
[01-Jul-2020 15:58:29 Europe/Berlin] PHP Notice:  Undefined index: id_film in C:\xampp1\htdocs\cinema\index.php on line 4
[01-Jul-2020 15:59:05 Europe/Berlin] PHP Notice:  Undefined index: id_film in C:\xampp1\htdocs\cinema\index.php on line 4
[01-Jul-2020 23:15:08 Europe/Berlin] PHP Notice:  Undefined index: id_film in C:\xampp1\htdocs\cinema\index.php on line 4
[01-Jul-2020 23:16:23 Europe/Berlin] PHP Notice:  Undefined index: id_film in C:\xampp1\htdocs\cinema\index.php on line 4
[01-Jul-2020 23:16:36 Europe/Berlin] PHP Notice:  Undefined index: id_film in C:\xampp1\htdocs\cinema\index.php on line 4
[01-Jul-2020 23:16:55 Europe/Berlin] PHP Notice:  Undefined index: id_film in C:\xampp1\htdocs\cinema\index.php on line 4
[01-Jul-2020 23:16:56 Europe/Berlin] PHP Notice:  Undefined index: id_film in C:\xampp1\htdocs\cinema\index.php on line 4
[01-Jul-2020 23:17:46 Europe/Berlin] PHP Notice:  Undefined index: id_film in C:\xampp1\htdocs\cinema\index.php on line 4
[01-Jul-2020 23:17:47 Europe/Berlin] PHP Notice:  Undefined index: id_film in C:\xampp1\htdocs\cinema\index.php on line 4
[01-Jul-2020 23:18:11 Europe/Berlin] PHP Notice:  Undefined index: id_film in C:\xampp1\htdocs\cinema\index.php on line 4
[01-Jul-2020 23:20:10 Europe/Berlin] PHP Notice:  Undefined index: id_film in C:\xampp1\htdocs\cinema\index.php on line 4
[01-Jul-2020 23:24:42 Europe/Berlin] PHP Notice:  Undefined index: id_film in C:\xampp1\htdocs\cinema\index.php on line 4
[01-Jul-2020 23:27:32 Europe/Berlin] PHP Notice:  Undefined index: id_film in C:\xampp1\htdocs\cinema\index.php on line 4
[01-Jul-2020 23:27:34 Europe/Berlin] PHP Notice:  Undefined index: id_film in C:\xampp1\htdocs\cinema\index.php on line 4
[01-Jul-2020 23:27:59 Europe/Berlin] PHP Notice:  Undefined index: id_film in C:\xampp1\htdocs\cinema\index.php on line 4
[01-Jul-2020 23:28:03 Europe/Berlin] PHP Notice:  Undefined index: id_film in C:\xampp1\htdocs\cinema\index.php on line 4
[01-Jul-2020 23:29:22 Europe/Berlin] PHP Notice:  Undefined index: id_film in C:\xampp1\htdocs\cinema\index.php on line 4
[01-Jul-2020 23:34:32 Europe/Berlin] PHP Notice:  session_start(): A session had already been started - ignoring in C:\xampp1\htdocs\cinema\init.php on line 11
[01-Jul-2020 23:34:32 Europe/Berlin] PHP Notice:  Undefined index: id_film in C:\xampp1\htdocs\cinema\rezervacija.php on line 24
[01-Jul-2020 23:35:17 Europe/Berlin] PHP Notice:  session_start(): A session had already been started - ignoring in C:\xampp1\htdocs\cinema\init.php on line 11
[01-Jul-2020 23:35:17 Europe/Berlin] PHP Notice:  Undefined index: id_film in C:\xampp1\htdocs\cinema\rezervacija.php on line 24
[01-Jul-2020 23:35:44 Europe/Berlin] PHP Notice:  session_start(): A session had already been started - ignoring in C:\xampp1\htdocs\cinema\rezervacija.php on line 4
[01-Jul-2020 23:35:44 Europe/Berlin] PHP Notice:  session_start(): A session had already been started - ignoring in C:\xampp1\htdocs\cinema\init.php on line 11
[01-Jul-2020 23:35:44 Europe/Berlin] PHP Notice:  Undefined index: id_film in C:\xampp1\htdocs\cinema\rezervacija.php on line 24
[01-Jul-2020 23:40:34 Europe/Berlin] PHP Notice:  session_start(): A session had already been started - ignoring in C:\xampp1\htdocs\cinema\rezervacija.php on line 4
[01-Jul-2020 23:40:34 Europe/Berlin] PHP Notice:  session_start(): A session had already been started - ignoring in C:\xampp1\htdocs\cinema\init.php on line 11
[01-Jul-2020 23:40:34 Europe/Berlin] PHP Notice:  Undefined index: id_film in C:\xampp1\htdocs\cinema\rezervacija.php on line 24
[01-Jul-2020 23:41:12 Europe/Berlin] PHP Notice:  session_start(): A session had already been started - ignoring in C:\xampp1\htdocs\cinema\rezervacija.php on line 4
[01-Jul-2020 23:41:12 Europe/Berlin] PHP Notice:  session_start(): A session had already been started - ignoring in C:\xampp1\htdocs\cinema\init.php on line 11
[01-Jul-2020 23:41:12 Europe/Berlin] PHP Notice:  Undefined index: id_film in C:\xampp1\htdocs\cinema\rezervacija.php on line 24
[01-Jul-2020 23:41:13 Europe/Berlin] PHP Notice:  session_start(): A session had already been started - ignoring in C:\xampp1\htdocs\cinema\rezervacija.php on line 4
[01-Jul-2020 23:41:14 Europe/Berlin] PHP Notice:  session_start(): A session had already been started - ignoring in C:\xampp1\htdocs\cinema\init.php on line 11
[01-Jul-2020 23:41:14 Europe/Berlin] PHP Notice:  Undefined index: id_film in C:\xampp1\htdocs\cinema\rezervacija.php on line 24
[01-Jul-2020 23:41:45 Europe/Berlin] PHP Notice:  session_start(): A session had already been started - ignoring in C:\xampp1\htdocs\cinema\rezervacija.php on line 4
[01-Jul-2020 23:41:45 Europe/Berlin] PHP Notice:  session_start(): A session had already been started - ignoring in C:\xampp1\htdocs\cinema\init.php on line 11
[01-Jul-2020 23:41:45 Europe/Berlin] PHP Notice:  Undefined index: id_film in C:\xampp1\htdocs\cinema\rezervacija.php on line 24
[01-Jul-2020 23:41:57 Europe/Berlin] PHP Notice:  session_start(): A session had already been started - ignoring in C:\xampp1\htdocs\cinema\rezervacija.php on line 4
[01-Jul-2020 23:41:57 Europe/Berlin] PHP Notice:  session_start(): A session had already been started - ignoring in C:\xampp1\htdocs\cinema\init.php on line 11
[01-Jul-2020 23:41:57 Europe/Berlin] PHP Notice:  Undefined index: id_film in C:\xampp1\htdocs\cinema\rezervacija.php on line 24
[01-Jul-2020 23:42:32 Europe/Berlin] PHP Notice:  session_start(): A session had already been started - ignoring in C:\xampp1\htdocs\cinema\rezervacija.php on line 4
[01-Jul-2020 23:42:41 Europe/Berlin] PHP Notice:  session_start(): A session had already been started - ignoring in C:\xampp1\htdocs\cinema\rezervacija.php on line 4
[01-Jul-2020 23:42:41 Europe/Berlin] PHP Notice:  session_start(): A session had already been started - ignoring in C:\xampp1\htdocs\cinema\init.php on line 11
[01-Jul-2020 23:42:41 Europe/Berlin] PHP Notice:  Undefined index: id_film in C:\xampp1\htdocs\cinema\rezervacija.php on line 24
[01-Jul-2020 23:43:33 Europe/Berlin] PHP Notice:  session_start(): A session had already been started - ignoring in C:\xampp1\htdocs\cinema\rezervacija.php on line 4
[01-Jul-2020 23:43:33 Europe/Berlin] PHP Notice:  session_start(): A session had already been started - ignoring in C:\xampp1\htdocs\cinema\init.php on line 11
[01-Jul-2020 23:43:33 Europe/Berlin] PHP Notice:  Undefined index: id_film in C:\xampp1\htdocs\cinema\rezervacija.php on line 24
[01-Jul-2020 23:53:42 Europe/Berlin] PHP Notice:  Undefined index: id_film in C:\xampp1\htdocs\cinema\index.php on line 4
[01-Jul-2020 23:53:49 Europe/Berlin] PHP Notice:  Undefined index: id_film in C:\xampp1\htdocs\cinema\index.php on line 4
[01-Jul-2020 23:54:03 Europe/Berlin] PHP Notice:  Undefined index: id_film in C:\xampp1\htdocs\cinema\index.php on line 4
[01-Jul-2020 23:54:07 Europe/Berlin] PHP Notice:  Undefined index: id_film in C:\xampp1\htdocs\cinema\najave.php on line 4
[01-Jul-2020 23:56:42 Europe/Berlin] PHP Notice:  Undefined index: id_film in C:\xampp1\htdocs\cinema\najave.php on line 4
[01-Jul-2020 23:57:20 Europe/Berlin] PHP Notice:  Undefined index: id_film in C:\xampp1\htdocs\cinema\najave.php on line 4
[01-Jul-2020 23:58:16 Europe/Berlin] PHP Notice:  Undefined index: id_film in C:\xampp1\htdocs\cinema\index.php on line 4
[01-Jul-2020 23:58:25 Europe/Berlin] PHP Notice:  Undefined index: id_film in C:\xampp1\htdocs\cinema\najave.php on line 4
[02-Jul-2020 00:00:41 Europe/Berlin] PHP Notice:  Undefined index: id_film in C:\xampp1\htdocs\cinema\najave.php on line 4
[02-Jul-2020 00:02:23 Europe/Berlin] PHP Notice:  Undefined index: id_film in C:\xampp1\htdocs\cinema\najave.php on line 4
[02-Jul-2020 00:05:09 Europe/Berlin] PHP Notice:  Undefined index: id_film in C:\xampp1\htdocs\cinema\najave.php on line 4
[02-Jul-2020 00:15:21 Europe/Berlin] PHP Notice:  Undefined index: id_film in C:\xampp1\htdocs\cinema\index.php on line 4
[02-Jul-2020 00:16:53 Europe/Berlin] PHP Notice:  Undefined index: id_film in C:\xampp1\htdocs\cinema\index.php on line 4
[02-Jul-2020 10:32:29 Europe/Berlin] PHP Notice:  Undefined index: id_film in C:\xampp1\htdocs\cinema\index.php on line 4
[02-Jul-2020 10:43:10 Europe/Berlin] PHP Notice:  Undefined index: id_film in C:\xampp1\htdocs\cinema\index.php on line 4
[02-Jul-2020 10:45:23 Europe/Berlin] PHP Notice:  Undefined index: id_film in C:\xampp1\htdocs\cinema\index.php on line 4
[02-Jul-2020 10:46:01 Europe/Berlin] PHP Notice:  Undefined index: id_film in C:\xampp1\htdocs\cinema\index.php on line 4
[02-Jul-2020 10:48:15 Europe/Berlin] PHP Notice:  Undefined index: id_film in C:\xampp1\htdocs\cinema\index.php on line 4
[02-Jul-2020 10:48:45 Europe/Berlin] PHP Notice:  Undefined index: id_film in C:\xampp1\htdocs\cinema\index.php on line 4
[02-Jul-2020 12:34:04 Europe/Berlin] PHP Notice:  Undefined index: id_film in C:\xampp1\htdocs\cinema\index.php on line 4
[02-Jul-2020 12:34:27 Europe/Berlin] PHP Notice:  Undefined index: id_film in C:\xampp1\htdocs\cinema\index.php on line 4
[02-Jul-2020 12:34:36 Europe/Berlin] PHP Notice:  Undefined index: id_film in C:\xampp1\htdocs\cinema\index.php on line 4
[02-Jul-2020 12:35:29 Europe/Berlin] PHP Notice:  Undefined index: id_film in C:\xampp1\htdocs\cinema\index.php on line 4
[02-Jul-2020 12:35:37 Europe/Berlin] PHP Notice:  session_start(): A session had already been started - ignoring in C:\xampp1\htdocs\cinema\rezervacija.php on line 4
[02-Jul-2020 12:35:37 Europe/Berlin] PHP Notice:  session_start(): A session had already been started - ignoring in C:\xampp1\htdocs\cinema\init.php on line 11
[02-Jul-2020 12:35:37 Europe/Berlin] PHP Notice:  Undefined index: id_film in C:\xampp1\htdocs\cinema\rezervacija.php on line 24
[02-Jul-2020 12:35:59 Europe/Berlin] PHP Notice:  session_start(): A session had already been started - ignoring in C:\xampp1\htdocs\cinema\rezervacija.php on line 4
[02-Jul-2020 12:36:04 Europe/Berlin] PHP Notice:  session_start(): A session had already been started - ignoring in C:\xampp1\htdocs\cinema\rezervacija.php on line 4
[02-Jul-2020 12:36:04 Europe/Berlin] PHP Notice:  session_start(): A session had already been started - ignoring in C:\xampp1\htdocs\cinema\init.php on line 11
[02-Jul-2020 12:36:04 Europe/Berlin] PHP Notice:  Undefined index: id_film in C:\xampp1\htdocs\cinema\rezervacija.php on line 24
[02-Jul-2020 12:38:09 Europe/Berlin] PHP Notice:  session_start(): A session had already been started - ignoring in C:\xampp1\htdocs\cinema\rezervacija.php on line 4
[02-Jul-2020 12:38:09 Europe/Berlin] PHP Notice:  session_start(): A session had already been started - ignoring in C:\xampp1\htdocs\cinema\init.php on line 11
[02-Jul-2020 12:38:09 Europe/Berlin] PHP Notice:  Undefined index: id_film in C:\xampp1\htdocs\cinema\rezervacija.php on line 24
[02-Jul-2020 12:38:23 Europe/Berlin] PHP Notice:  session_start(): A session had already been started - ignoring in C:\xampp1\htdocs\cinema\rezervacija.php on line 4
[02-Jul-2020 12:38:23 Europe/Berlin] PHP Notice:  session_start(): A session had already been started - ignoring in C:\xampp1\htdocs\cinema\init.php on line 11
[02-Jul-2020 12:38:23 Europe/Berlin] PHP Notice:  Undefined index: id_film in C:\xampp1\htdocs\cinema\rezervacija.php on line 24
[02-Jul-2020 12:38:41 Europe/Berlin] PHP Notice:  session_start(): A session had already been started - ignoring in C:\xampp1\htdocs\cinema\rezervacija.php on line 4
[02-Jul-2020 12:39:41 Europe/Berlin] PHP Notice:  session_start(): A session had already been started - ignoring in C:\xampp1\htdocs\cinema\rezervacija.php on line 4
[02-Jul-2020 12:39:41 Europe/Berlin] PHP Notice:  session_start(): A session had already been started - ignoring in C:\xampp1\htdocs\cinema\init.php on line 11
[02-Jul-2020 12:39:41 Europe/Berlin] PHP Notice:  Undefined index: id_film in C:\xampp1\htdocs\cinema\rezervacija.php on line 24
[02-Jul-2020 12:39:41 Europe/Berlin] PHP Notice:  session_start(): A session had already been started - ignoring in C:\xampp1\htdocs\cinema\rezervacija.php on line 4
[02-Jul-2020 12:39:41 Europe/Berlin] PHP Notice:  session_start(): A session had already been started - ignoring in C:\xampp1\htdocs\cinema\init.php on line 11
[02-Jul-2020 12:39:41 Europe/Berlin] PHP Notice:  Undefined index: id_film in C:\xampp1\htdocs\cinema\rezervacija.php on line 24
[02-Jul-2020 12:40:01 Europe/Berlin] PHP Notice:  session_start(): A session had already been started - ignoring in C:\xampp1\htdocs\cinema\rezervacija.php on line 4
[02-Jul-2020 12:40:02 Europe/Berlin] PHP Notice:  Undefined index: user_id in C:\xampp1\htdocs\cinema\rezervacija.php on line 7
[02-Jul-2020 12:41:33 Europe/Berlin] PHP Notice:  session_start(): A session had already been started - ignoring in C:\xampp1\htdocs\cinema\rezervacija.php on line 4
[02-Jul-2020 12:43:41 Europe/Berlin] PHP Notice:  session_start(): A session had already been started - ignoring in C:\xampp1\htdocs\cinema\rezervacija.php on line 4
[02-Jul-2020 12:43:41 Europe/Berlin] PHP Notice:  session_start(): A session had already been started - ignoring in C:\xampp1\htdocs\cinema\init.php on line 11
[02-Jul-2020 12:43:41 Europe/Berlin] PHP Notice:  Undefined index: id_film in C:\xampp1\htdocs\cinema\rezervacija.php on line 24
[02-Jul-2020 12:43:42 Europe/Berlin] PHP Notice:  session_start(): A session had already been started - ignoring in C:\xampp1\htdocs\cinema\rezervacija.php on line 4
[02-Jul-2020 12:43:42 Europe/Berlin] PHP Notice:  session_start(): A session had already been started - ignoring in C:\xampp1\htdocs\cinema\init.php on line 11
[02-Jul-2020 12:43:42 Europe/Berlin] PHP Notice:  Undefined index: id_film in C:\xampp1\htdocs\cinema\rezervacija.php on line 24
[02-Jul-2020 12:44:01 Europe/Berlin] PHP Notice:  session_start(): A session had already been started - ignoring in C:\xampp1\htdocs\cinema\rezervacija.php on line 4
[02-Jul-2020 12:44:57 Europe/Berlin] PHP Notice:  session_start(): A session had already been started - ignoring in C:\xampp1\htdocs\cinema\rezervacija.php on line 4
[02-Jul-2020 12:44:57 Europe/Berlin] PHP Notice:  Undefined index: br_karata in C:\xampp1\htdocs\cinema\rezervacija.php on line 11
[02-Jul-2020 12:44:57 Europe/Berlin] PHP Notice:  session_start(): A session had already been started - ignoring in C:\xampp1\htdocs\cinema\init.php on line 11
[02-Jul-2020 12:44:57 Europe/Berlin] PHP Notice:  Undefined index: id_film in C:\xampp1\htdocs\cinema\rezervacija.php on line 24
[02-Jul-2020 13:18:09 Europe/Berlin] PHP Notice:  Undefined index: id_film in C:\xampp1\htdocs\cinema\index.php on line 4
[02-Jul-2020 13:19:21 Europe/Berlin] PHP Notice:  Undefined index: id_film in C:\xampp1\htdocs\cinema\index.php on line 4
[02-Jul-2020 13:19:31 Europe/Berlin] PHP Notice:  Undefined index: id_film in C:\xampp1\htdocs\cinema\index.php on line 4
[02-Jul-2020 13:23:17 Europe/Berlin] PHP Notice:  Undefined index: id_film in C:\xampp1\htdocs\cinema\index.php on line 4
[02-Jul-2020 13:23:50 Europe/Berlin] PHP Notice:  Undefined index: id_film in C:\xampp1\htdocs\cinema\index.php on line 4
[02-Jul-2020 13:31:32 Europe/Berlin] PHP Notice:  Undefined index: id_film in C:\xampp1\htdocs\cinema\index.php on line 4
[02-Jul-2020 13:31:34 Europe/Berlin] PHP Notice:  Undefined index: id_film in C:\xampp1\htdocs\cinema\index.php on line 4
[02-Jul-2020 13:31:43 Europe/Berlin] PHP Notice:  Undefined index: id_film in C:\xampp1\htdocs\cinema\index.php on line 4
[02-Jul-2020 13:31:56 Europe/Berlin] PHP Notice:  Undefined index: id_film in C:\xampp1\htdocs\cinema\index.php on line 4
[02-Jul-2020 13:33:02 Europe/Berlin] PHP Notice:  Undefined index: id_film in C:\xampp1\htdocs\cinema\index.php on line 4
[02-Jul-2020 13:33:06 Europe/Berlin] PHP Notice:  Undefined index: id_film in C:\xampp1\htdocs\cinema\index.php on line 4
[02-Jul-2020 13:39:04 Europe/Berlin] PHP Notice:  Undefined index: id_film in C:\xampp1\htdocs\cinema\index.php on line 4
[02-Jul-2020 13:41:45 Europe/Berlin] PHP Notice:  Undefined index: id_film in C:\xampp1\htdocs\cinema\index.php on line 4
[02-Jul-2020 15:04:02 Europe/Berlin] PHP Notice:  Undefined index: id_film in C:\xampp1\htdocs\cinema\index.php on line 4
[02-Jul-2020 15:04:14 Europe/Berlin] PHP Notice:  Undefined index: id_film in C:\xampp1\htdocs\cinema\najave.php on line 4
[02-Jul-2020 15:15:03 Europe/Berlin] PHP Notice:  Undefined index: id_film in C:\xampp1\htdocs\cinema\index.php on line 4
[02-Jul-2020 15:15:12 Europe/Berlin] PHP Notice:  Undefined index: id_film in C:\xampp1\htdocs\cinema\index.php on line 4
[02-Jul-2020 15:16:27 Europe/Berlin] PHP Notice:  Undefined index: id_film in C:\xampp1\htdocs\cinema\index.php on line 4
[02-Jul-2020 15:16:34 Europe/Berlin] PHP Notice:  Undefined index: id_film in C:\xampp1\htdocs\cinema\index.php on line 4
[02-Jul-2020 15:17:00 Europe/Berlin] PHP Notice:  Undefined index: id_film in C:\xampp1\htdocs\cinema\index.php on line 4
[02-Jul-2020 15:17:11 Europe/Berlin] PHP Notice:  Undefined index: id_film in C:\xampp1\htdocs\cinema\index.php on line 4
[02-Jul-2020 15:20:19 Europe/Berlin] PHP Notice:  Undefined index: id_film in C:\xampp1\htdocs\cinema\index.php on line 4
[02-Jul-2020 15:21:15 Europe/Berlin] PHP Notice:  Undefined index: id_film in C:\xampp1\htdocs\cinema\index.php on line 4
[02-Jul-2020 15:21:20 Europe/Berlin] PHP Notice:  Undefined index: id_film in C:\xampp1\htdocs\cinema\najave.php on line 4
[02-Jul-2020 15:22:02 Europe/Berlin] PHP Notice:  Undefined index: id_film in C:\xampp1\htdocs\cinema\index.php on line 4
[02-Jul-2020 15:22:05 Europe/Berlin] PHP Notice:  session_start(): A session had already been started - ignoring in C:\xampp1\htdocs\cinema\rezervacija.php on line 4
[02-Jul-2020 15:22:05 Europe/Berlin] PHP Notice:  session_start(): A session had already been started - ignoring in C:\xampp1\htdocs\cinema\init.php on line 11
[02-Jul-2020 15:22:05 Europe/Berlin] PHP Notice:  Undefined index: id_film in C:\xampp1\htdocs\cinema\rezervacija.php on line 24
[02-Jul-2020 15:22:33 Europe/Berlin] PHP Notice:  session_start(): A session had already been started - ignoring in C:\xampp1\htdocs\cinema\rezervacija.php on line 4
[02-Jul-2020 15:22:33 Europe/Berlin] PHP Notice:  session_start(): A session had already been started - ignoring in C:\xampp1\htdocs\cinema\init.php on line 11
[02-Jul-2020 15:22:33 Europe/Berlin] PHP Notice:  Undefined index: id_film in C:\xampp1\htdocs\cinema\rezervacija.php on line 24
[02-Jul-2020 15:22:46 Europe/Berlin] PHP Notice:  Undefined index: id_film in C:\xampp1\htdocs\cinema\index.php on line 4
[02-Jul-2020 15:22:49 Europe/Berlin] PHP Notice:  Undefined index: id_film in C:\xampp1\htdocs\cinema\index.php on line 4
[02-Jul-2020 15:23:17 Europe/Berlin] PHP Notice:  Undefined index: id_film in C:\xampp1\htdocs\cinema\index.php on line 4
[02-Jul-2020 15:23:23 Europe/Berlin] PHP Notice:  Undefined index: id_film in C:\xampp1\htdocs\cinema\index.php on line 4
[02-Jul-2020 17:36:24 Europe/Berlin] PHP Notice:  Undefined index: id_film in C:\xampp1\htdocs\cinema\index.php on line 4
[02-Jul-2020 17:36:40 Europe/Berlin] PHP Notice:  Undefined index: id_film in C:\xampp1\htdocs\cinema\index.php on line 4
[02-Jul-2020 17:37:59 Europe/Berlin] PHP Notice:  Undefined index: id_film in C:\xampp1\htdocs\cinema\index.php on line 4
[02-Jul-2020 17:43:20 Europe/Berlin] PHP Notice:  Undefined index: id_film in C:\xampp1\htdocs\cinema\index.php on line 4
[02-Jul-2020 17:43:22 Europe/Berlin] PHP Notice:  session_start(): A session had already been started - ignoring in C:\xampp1\htdocs\cinema\rezervacija.php on line 4
[02-Jul-2020 17:43:22 Europe/Berlin] PHP Notice:  session_start(): A session had already been started - ignoring in C:\xampp1\htdocs\cinema\init.php on line 11
[02-Jul-2020 17:43:23 Europe/Berlin] PHP Notice:  Undefined index: id_film in C:\xampp1\htdocs\cinema\rezervacija.php on line 24
[02-Jul-2020 17:46:07 Europe/Berlin] PHP Notice:  session_start(): A session had already been started - ignoring in C:\xampp1\htdocs\cinema\rezervacija.php on line 4
[02-Jul-2020 17:46:07 Europe/Berlin] PHP Notice:  session_start(): A session had already been started - ignoring in C:\xampp1\htdocs\cinema\init.php on line 11
[02-Jul-2020 17:46:07 Europe/Berlin] PHP Notice:  Undefined index: id_film in C:\xampp1\htdocs\cinema\rezervacija.php on line 24
[02-Jul-2020 17:46:08 Europe/Berlin] PHP Notice:  session_start(): A session had already been started - ignoring in C:\xampp1\htdocs\cinema\rezervacija.php on line 4
[02-Jul-2020 17:46:08 Europe/Berlin] PHP Notice:  session_start(): A session had already been started - ignoring in C:\xampp1\htdocs\cinema\init.php on line 11
[02-Jul-2020 17:46:08 Europe/Berlin] PHP Notice:  Undefined index: id_film in C:\xampp1\htdocs\cinema\rezervacija.php on line 24
[02-Jul-2020 17:46:53 Europe/Berlin] PHP Notice:  session_start(): A session had already been started - ignoring in C:\xampp1\htdocs\cinema\rezervacija.php on line 4
[02-Jul-2020 17:46:53 Europe/Berlin] PHP Notice:  session_start(): A session had already been started - ignoring in C:\xampp1\htdocs\cinema\init.php on line 11
[02-Jul-2020 17:46:53 Europe/Berlin] PHP Notice:  Undefined index: id_film in C:\xampp1\htdocs\cinema\rezervacija.php on line 24
[02-Jul-2020 17:48:22 Europe/Berlin] PHP Notice:  session_start(): A session had already been started - ignoring in C:\xampp1\htdocs\cinema\rezervacija.php on line 4
[02-Jul-2020 17:48:22 Europe/Berlin] PHP Notice:  session_start(): A session had already been started - ignoring in C:\xampp1\htdocs\cinema\init.php on line 11
[02-Jul-2020 17:48:22 Europe/Berlin] PHP Notice:  Undefined index: id_film in C:\xampp1\htdocs\cinema\rezervacija.php on line 24
[02-Jul-2020 17:52:26 Europe/Berlin] PHP Notice:  session_start(): A session had already been started - ignoring in C:\xampp1\htdocs\cinema\rezervacija.php on line 4
[02-Jul-2020 17:52:26 Europe/Berlin] PHP Notice:  session_start(): A session had already been started - ignoring in C:\xampp1\htdocs\cinema\init.php on line 11
[02-Jul-2020 17:52:26 Europe/Berlin] PHP Notice:  Undefined index: id_film in C:\xampp1\htdocs\cinema\rezervacija.php on line 29
[02-Jul-2020 17:52:29 Europe/Berlin] PHP Notice:  session_start(): A session had already been started - ignoring in C:\xampp1\htdocs\cinema\rezervacija.php on line 4
[02-Jul-2020 17:52:29 Europe/Berlin] PHP Notice:  session_start(): A session had already been started - ignoring in C:\xampp1\htdocs\cinema\init.php on line 11
[02-Jul-2020 17:52:29 Europe/Berlin] PHP Notice:  Undefined index: id_film in C:\xampp1\htdocs\cinema\rezervacija.php on line 29
[02-Jul-2020 17:52:31 Europe/Berlin] PHP Notice:  session_start(): A session had already been started - ignoring in C:\xampp1\htdocs\cinema\rezervacija.php on line 4
[02-Jul-2020 17:52:31 Europe/Berlin] PHP Notice:  session_start(): A session had already been started - ignoring in C:\xampp1\htdocs\cinema\init.php on line 11
[02-Jul-2020 17:52:31 Europe/Berlin] PHP Notice:  Undefined index: id_film in C:\xampp1\htdocs\cinema\rezervacija.php on line 29
[02-Jul-2020 17:52:33 Europe/Berlin] PHP Notice:  Undefined index: id_film in C:\xampp1\htdocs\cinema\index.php on line 4
[02-Jul-2020 17:52:35 Europe/Berlin] PHP Notice:  session_start(): A session had already been started - ignoring in C:\xampp1\htdocs\cinema\rezervacija.php on line 4
[02-Jul-2020 17:52:35 Europe/Berlin] PHP Notice:  session_start(): A session had already been started - ignoring in C:\xampp1\htdocs\cinema\init.php on line 11
[02-Jul-2020 17:52:35 Europe/Berlin] PHP Notice:  Undefined index: id_film in C:\xampp1\htdocs\cinema\rezervacija.php on line 29
[02-Jul-2020 17:52:36 Europe/Berlin] PHP Notice:  Undefined index: id_film in C:\xampp1\htdocs\cinema\najave.php on line 4
[02-Jul-2020 17:52:42 Europe/Berlin] PHP Notice:  Undefined index: id_film in C:\xampp1\htdocs\cinema\index.php on line 4
[02-Jul-2020 17:58:27 Europe/Berlin] PHP Notice:  Undefined index: id_film in C:\xampp1\htdocs\cinema\index.php on line 4
[02-Jul-2020 17:59:11 Europe/Berlin] PHP Notice:  Undefined index: id_film in C:\xampp1\htdocs\cinema\index.php on line 4
[02-Jul-2020 17:59:15 Europe/Berlin] PHP Notice:  Undefined index: id_film in C:\xampp1\htdocs\cinema\index.php on line 4
[02-Jul-2020 18:00:31 Europe/Berlin] PHP Notice:  Undefined index: id_film in C:\xampp1\htdocs\CinemaFSK\index.php on line 4
[02-Jul-2020 18:04:13 Europe/Berlin] PHP Notice:  Undefined index: id_film in C:\xampp1\htdocs\CinemaFSK\najave.php on line 4
[02-Jul-2020 18:12:34 Europe/Berlin] PHP Notice:  Undefined index: id_film in C:\xampp1\htdocs\CinemaFSK\najave.php on line 4
[02-Jul-2020 18:12:36 Europe/Berlin] PHP Notice:  Undefined index: id_film in C:\xampp1\htdocs\CinemaFSK\index.php on line 4
[02-Jul-2020 18:12:46 Europe/Berlin] PHP Notice:  Undefined index: id_film in C:\xampp1\htdocs\CinemaFSK\index.php on line 4
[02-Jul-2020 19:08:21 Europe/Berlin] PHP Notice:  Undefined index: id_film in C:\xampp1\htdocs\CinemaFSK\index.php on line 4
[02-Jul-2020 19:09:09 Europe/Berlin] PHP Notice:  Undefined index: id_film in C:\xampp1\htdocs\CinemaFSK\najave.php on line 4
[02-Jul-2020 19:09:36 Europe/Berlin] PHP Notice:  Undefined index: id_film in C:\xampp1\htdocs\CinemaFSK\najave.php on line 4
[02-Jul-2020 19:10:26 Europe/Berlin] PHP Notice:  Undefined index: id_film in C:\xampp1\htdocs\CinemaFSK\index.php on line 4
[02-Jul-2020 19:10:29 Europe/Berlin] PHP Notice:  session_start(): A session had already been started - ignoring in C:\xampp1\htdocs\CinemaFSK\rezervacija.php on line 4
[02-Jul-2020 19:10:29 Europe/Berlin] PHP Notice:  session_start(): A session had already been started - ignoring in C:\xampp1\htdocs\CinemaFSK\init.php on line 11
[02-Jul-2020 19:10:29 Europe/Berlin] PHP Notice:  Undefined index: id_film in C:\xampp1\htdocs\CinemaFSK\rezervacija.php on line 29
[02-Jul-2020 19:10:54 Europe/Berlin] PHP Notice:  Undefined index: id_film in C:\xampp1\htdocs\CinemaFSK\index.php on line 4
[06-Jul-2020 15:13:13 Europe/Berlin] PHP Notice:  Undefined index: id_film in C:\xampp1\htdocs\CinemaFSK\index.php on line 4
[06-Jul-2020 15:14:36 Europe/Berlin] PHP Notice:  Undefined index: id_film in C:\xampp1\htdocs\CinemaFSK\najave.php on line 4
[06-Jul-2020 15:15:56 Europe/Berlin] PHP Notice:  Undefined index: id_film in C:\xampp1\htdocs\CinemaFSK\index.php on line 4
[06-Jul-2020 15:16:23 Europe/Berlin] PHP Notice:  Undefined index: id_film in C:\xampp1\htdocs\CinemaFSK\index.php on line 4
[06-Jul-2020 15:16:26 Europe/Berlin] PHP Notice:  Undefined index: id_film in C:\xampp1\htdocs\CinemaFSK\index.php on line 4
[06-Jul-2020 15:21:46 Europe/Berlin] PHP Notice:  Undefined index: id_film in C:\xampp1\htdocs\CinemaFSK\index.php on line 4
[06-Jul-2020 15:27:07 Europe/Berlin] PHP Notice:  Undefined index: id_film in C:\xampp1\htdocs\CinemaFSK\index.php on line 4
[06-Jul-2020 15:27:31 Europe/Berlin] PHP Notice:  session_start(): A session had already been started - ignoring in C:\xampp1\htdocs\CinemaFSK\rezervacija.php on line 4
[06-Jul-2020 15:27:31 Europe/Berlin] PHP Notice:  session_start(): A session had already been started - ignoring in C:\xampp1\htdocs\CinemaFSK\init.php on line 11
[06-Jul-2020 15:27:31 Europe/Berlin] PHP Notice:  Undefined index: id_film in C:\xampp1\htdocs\CinemaFSK\rezervacija.php on line 29
[06-Jul-2020 15:28:26 Europe/Berlin] PHP Notice:  session_start(): A session had already been started - ignoring in C:\xampp1\htdocs\CinemaFSK\rezervacija.php on line 4
[06-Jul-2020 15:28:26 Europe/Berlin] PHP Notice:  session_start(): A session had already been started - ignoring in C:\xampp1\htdocs\CinemaFSK\init.php on line 11
[06-Jul-2020 15:28:26 Europe/Berlin] PHP Notice:  Undefined index: id_film in C:\xampp1\htdocs\CinemaFSK\rezervacija.php on line 29
[06-Jul-2020 15:29:16 Europe/Berlin] PHP Notice:  Undefined index: id_film in C:\xampp1\htdocs\CinemaFSK\index.php on line 4
[06-Jul-2020 15:29:49 Europe/Berlin] PHP Notice:  Undefined index: id_film in C:\xampp1\htdocs\CinemaFSK\index.php on line 4
[06-Jul-2020 15:29:52 Europe/Berlin] PHP Notice:  Undefined index: id_film in C:\xampp1\htdocs\CinemaFSK\index.php on line 4
[06-Jul-2020 15:30:38 Europe/Berlin] PHP Notice:  Undefined index: id_film in C:\xampp1\htdocs\CinemaFSK\index.php on line 4
[06-Jul-2020 15:31:30 Europe/Berlin] PHP Notice:  session_start(): A session had already been started - ignoring in C:\xampp1\htdocs\CinemaFSK\rezervacija.php on line 4
[06-Jul-2020 15:31:30 Europe/Berlin] PHP Notice:  session_start(): A session had already been started - ignoring in C:\xampp1\htdocs\CinemaFSK\init.php on line 11
[06-Jul-2020 15:31:30 Europe/Berlin] PHP Notice:  Undefined index: id_film in C:\xampp1\htdocs\CinemaFSK\rezervacija.php on line 29
[06-Jul-2020 15:31:42 Europe/Berlin] PHP Notice:  session_start(): A session had already been started - ignoring in C:\xampp1\htdocs\CinemaFSK\rezervacija.php on line 4
[06-Jul-2020 15:31:43 Europe/Berlin] PHP Notice:  session_start(): A session had already been started - ignoring in C:\xampp1\htdocs\CinemaFSK\init.php on line 11
[06-Jul-2020 15:31:43 Europe/Berlin] PHP Notice:  Undefined index: id_film in C:\xampp1\htdocs\CinemaFSK\rezervacija.php on line 29
[06-Jul-2020 15:32:12 Europe/Berlin] PHP Notice:  Undefined index: id_film in C:\xampp1\htdocs\CinemaFSK\index.php on line 4
[06-Jul-2020 15:35:25 Europe/Berlin] PHP Notice:  Undefined index: id_film in C:\xampp1\htdocs\CinemaFSK\index.php on line 4
[06-Jul-2020 15:35:29 Europe/Berlin] PHP Notice:  session_start(): A session had already been started - ignoring in C:\xampp1\htdocs\CinemaFSK\rezervacija.php on line 4
[06-Jul-2020 15:35:29 Europe/Berlin] PHP Notice:  session_start(): A session had already been started - ignoring in C:\xampp1\htdocs\CinemaFSK\init.php on line 11
[06-Jul-2020 15:35:29 Europe/Berlin] PHP Notice:  Undefined index: id_film in C:\xampp1\htdocs\CinemaFSK\rezervacija.php on line 29
[06-Jul-2020 15:35:59 Europe/Berlin] PHP Notice:  session_start(): A session had already been started - ignoring in C:\xampp1\htdocs\CinemaFSK\rezervacija.php on line 4
[06-Jul-2020 15:35:59 Europe/Berlin] PHP Notice:  session_start(): A session had already been started - ignoring in C:\xampp1\htdocs\CinemaFSK\init.php on line 11
[06-Jul-2020 15:35:59 Europe/Berlin] PHP Notice:  Undefined index: id_film in C:\xampp1\htdocs\CinemaFSK\rezervacija.php on line 29
[06-Jul-2020 15:38:31 Europe/Berlin] PHP Notice:  Undefined index: id_film in C:\xampp1\htdocs\CinemaFSK\index.php on line 4
[06-Jul-2020 15:38:45 Europe/Berlin] PHP Notice:  Undefined index: id_film in C:\xampp1\htdocs\CinemaFSK\index.php on line 4
